[driver] running cotreal30 (real)
[driver] e1 -> INCONCLUSIVE (flat)
[driver] e2 -> CONFIRMED (improved)
[driver] e4 -> CONFIRMED (improved)
[driver] e5 -> CONFIRMED (improved)
[driver] e6 -> CONFIRMED (improved)
[driver] e7 -> CONFIRMED (arm_effect)
[driver] e8 -> INCONCLUSIVE (flat)
[driver] running cotreal60 (real)
[driver] e1 -> INCONCLUSIVE (flat)
[driver] e2 -> CONFIRMED (improved)
[driver] e4 -> CONFIRMED (improved)
[driver] e5 -> CONFIRMED (improved)
[driver] e6 -> CONFIRMED (improved)
[driver] e7 -> CONFIRMED (arm_effect)
[driver] e8 -> INCONCLUSIVE (flat)
[driver] e9 -> INCONCLUSIVE (no_arm_effect)
[driver] running cotreal90 (real)
[driver] e1 -> INCONCLUSIVE (flat)
[driver] e2 -> CONFIRMED (improved)
[driver] e4 -> CONFIRMED (improved)
[driver] e5 -> CONFIRMED (improved)
[driver] e6 -> CONFIRMED (improved)
[driver] e7 -> CONFIRMED (arm_effect)
[driver] e8 -> INCONCLUSIVE (flat)
[driver] e9 -> INCONCLUSIVE (no_arm_effect)
[driver] e10 -> CONFIRMED (improved)
[driver] running cotreal30-t1024 (real)
[driver] cotreal30-t1024 FAILED: Command '['uv', 'run', 'python', '-u', 'grpo.py', '--output-dir', '/opt/Hazelnut/worktrees/refactor/outputs/runs/run-001/cotreal30-t1024', '--train-steps', '30', '--lr', '5e-05', '--kl-coeff', '0.04', '--num-prompts', '2', '--group-size', '4', '--temperature', '0.9', '--max-new-tokens', '1024', '--eval-n', '200', '--eval-batch', '8', '--time-budget', '12000']' returned non-zero exit status 1.
[driver] no runnable queued checkpoints; done.
