Current Python version 3.10 is below the recommended 3.11 version. It is recommended to upgrade to Python 3.11 or higher for the best experience.
[transformers] The fast path is not available because one of the required library is not installed. Falling back to torch implementation. To install follow https://github.com/fla-org/flash-linear-attention#installation and https://github.com/Dao-AILab/causal-conv1d
Loading weights:   0%|          | 0/320 [00:00<?, ?it/s]Loading weights:   0%|          | 1/320 [00:00<01:34,  3.37it/s]Loading weights:  11%|█▏        | 36/320 [00:00<00:02, 115.57it/s]Loading weights:  21%|██        | 67/320 [00:00<00:01, 173.23it/s]Loading weights:  31%|███       | 99/320 [00:00<00:01, 211.93it/s]Loading weights:  44%|████▍     | 142/320 [00:00<00:00, 275.84it/s]Loading weights:  55%|█████▍    | 175/320 [00:00<00:00, 279.98it/s]Loading weights:  64%|██████▍   | 206/320 [00:00<00:00, 278.50it/s]Loading weights:  78%|███████▊  | 248/320 [00:01<00:00, 312.19it/s]Loading weights:  88%|████████▊ | 281/320 [00:01<00:00, 312.45it/s]Loading weights:  98%|█████████▊| 314/320 [00:01<00:00, 308.05it/s]Loading weights: 100%|██████████| 320/320 [00:01<00:00, 250.66it/s]
trainable params: 16,819,200 || all params: 1,898,644,288 || trainable%: 0.8859
Loaded 374 training problems (source=mbpp)
step 000 | reward 0.500 | correct 0.500 | compile 0.500 | kl 0.0000 | loss 0.0000 | 108s/5000s
step 001 | reward 0.512 | correct 0.250 | compile 1.000 | kl 0.0000 | loss -0.0000 | 205s/5000s
step 002 | reward 0.540 | correct 0.292 | compile 1.000 | kl 0.0004 | loss 0.0003 | 287s/5000s
step 003 | reward 0.675 | correct 0.500 | compile 1.000 | kl 0.0017 | loss -0.0002 | 386s/5000s
step 004 | reward 0.756 | correct 0.625 | compile 1.000 | kl 0.0233 | loss 0.0016 | 471s/5000s
step 005 | reward 0.490 | correct 0.417 | compile 0.625 | kl 0.0034 | loss 0.0002 | 572s/5000s
step 006 | reward 0.517 | correct 0.458 | compile 0.625 | kl 0.0025 | loss -0.0001 | 672s/5000s
step 007 | reward 0.262 | correct 0.000 | compile 0.750 | kl 0.0041 | loss 0.0003 | 783s/5000s
step 008 | reward 0.550 | correct 0.375 | compile 0.875 | kl 0.0052 | loss 0.0002 | 887s/5000s
step 009 | reward 0.594 | correct 0.375 | compile 1.000 | kl 0.0067 | loss -0.0006 | 994s/5000s
step 010 | reward 0.919 | correct 0.875 | compile 1.000 | kl 0.0086 | loss 0.0004 | 1098s/5000s
step 011 | reward 0.256 | correct 0.125 | compile 0.500 | kl 0.0057 | loss 0.0004 | 1203s/5000s
step 012 | reward 0.317 | correct 0.083 | compile 0.750 | kl 0.0048 | loss 0.0005 | 1307s/5000s
step 013 | reward 0.702 | correct 0.542 | compile 1.000 | kl 0.0077 | loss 0.0009 | 1407s/5000s
step 014 | reward 0.594 | correct 0.375 | compile 1.000 | kl 0.0065 | loss -0.0000 | 1507s/5000s
step 015 | reward 0.512 | correct 0.250 | compile 1.000 | kl 0.0079 | loss 0.0004 | 1614s/5000s
step 016 | reward 0.594 | correct 0.375 | compile 1.000 | kl 0.0101 | loss 0.0006 | 1720s/5000s
step 017 | reward 0.919 | correct 0.875 | compile 1.000 | kl 0.0165 | loss 0.0006 | 1794s/5000s
step 018 | reward 0.756 | correct 0.625 | compile 1.000 | kl 0.0074 | loss 0.0007 | 1883s/5000s
step 019 | reward 0.425 | correct 0.250 | compile 0.750 | kl 0.0061 | loss 0.0012 | 2004s/5000s
step 020 | reward 0.256 | correct 0.125 | compile 0.500 | kl 0.0051 | loss -0.0005 | 2130s/5000s
step 021 | reward 0.837 | correct 0.750 | compile 1.000 | kl 0.0214 | loss 0.0013 | 2188s/5000s
step 022 | reward 0.837 | correct 0.750 | compile 1.000 | kl 0.0155 | loss 0.0011 | 2271s/5000s
step 023 | reward 0.837 | correct 0.750 | compile 1.000 | kl 0.0425 | loss 0.0008 | 2367s/5000s
step 024 | reward 0.594 | correct 0.375 | compile 1.000 | kl 0.1627 | loss 0.0056 | 2426s/5000s
step 025 | reward 0.512 | correct 0.250 | compile 1.000 | kl 0.0194 | loss 0.0005 | 2544s/5000s
step 026 | reward 0.875 | correct 0.875 | compile 0.875 | kl 0.0293 | loss 0.0014 | 2651s/5000s
step 027 | reward 0.892 | correct 0.833 | compile 1.000 | kl 0.0459 | loss 0.0025 | 2721s/5000s
step 028 | reward 0.946 | correct 0.917 | compile 1.000 | kl 0.0293 | loss -0.0001 | 2768s/5000s
step 029 | reward 0.740 | correct 0.667 | compile 0.875 | kl 0.0349 | loss 0.0022 | 2874s/5000s
step 030 | reward 0.594 | correct 0.375 | compile 1.000 | kl 0.0241 | loss 0.0020 | 2927s/5000s
step 031 | reward 0.567 | correct 0.333 | compile 1.000 | kl 0.0427 | loss 0.0020 | 3003s/5000s
step 032 | reward 0.350 | correct 0.000 | compile 1.000 | kl 0.0420 | loss 0.0025 | 3086s/5000s
step 033 | reward 0.594 | correct 0.375 | compile 1.000 | kl 0.0815 | loss 0.0048 | 3151s/5000s
step 034 | reward 0.658 | correct 0.542 | compile 0.875 | kl 0.1039 | loss 0.0039 | 3176s/5000s
step 035 | reward 0.702 | correct 0.542 | compile 1.000 | kl 0.0554 | loss 0.0024 | 3208s/5000s
step 036 | reward 0.783 | correct 0.667 | compile 1.000 | kl 0.0915 | loss 0.0052 | 3263s/5000s
step 037 | reward 0.512 | correct 0.250 | compile 1.000 | kl 0.1139 | loss 0.0069 | 3334s/5000s
step 038 | reward 0.648 | correct 0.458 | compile 1.000 | kl 0.0356 | loss 0.0009 | 3373s/5000s
step 039 | reward 0.658 | correct 0.542 | compile 0.875 | kl 0.0806 | loss 0.0043 | 3406s/5000s
eval (held-out, greedy, n=50): pass@1=0.620 compile=0.960
---
final_reward:     0.658333
best_reward:      0.945833
mean_reward:      0.619583
steps:            40
peak_vram_mb:     8103.7
total_seconds:    3589.2
checkpoint:       /opt/Hazelnut/worktrees/grpo/runs/c0
