[driver] running cotreal120 (real)
[driver] e1 -> INCONCLUSIVE (flat)
[driver] e2 -> CONFIRMED (improved)
[driver] e4 -> CONFIRMED (improved)
[driver] e5 -> CONFIRMED (improved)
[driver] e6 -> CONFIRMED (improved)
[driver] e7 -> CONFIRMED (arm_effect)
[driver] e8 -> INCONCLUSIVE (flat)
[driver] e9 -> INCONCLUSIVE (no_arm_effect)
[driver] e10 -> CONFIRMED (improved)
[driver] e12 -> CONFIRMED (improved)
[driver] running grpo90-hi (real)
[driver] e1 -> INCONCLUSIVE (flat)
[driver] e2 -> CONFIRMED (improved)
[driver] e4 -> CONFIRMED (improved)
[driver] e5 -> CONFIRMED (improved)
[driver] e6 -> CONFIRMED (improved)
[driver] e7 -> CONFIRMED (arm_effect)
[driver] e8 -> INCONCLUSIVE (flat)
[driver] e9 -> INCONCLUSIVE (no_arm_effect)
[driver] e10 -> CONFIRMED (improved)
[driver] e12 -> CONFIRMED (improved)
[driver] e13 -> INCONCLUSIVE (no_arm_effect)
[driver] running grpo120-hi (real)
[driver] e1 -> INCONCLUSIVE (flat)
[driver] e2 -> CONFIRMED (improved)
[driver] e4 -> CONFIRMED (improved)
[driver] e5 -> CONFIRMED (improved)
[driver] e6 -> CONFIRMED (improved)
[driver] e7 -> CONFIRMED (arm_effect)
[driver] e8 -> INCONCLUSIVE (flat)
[driver] e9 -> INCONCLUSIVE (no_arm_effect)
[driver] e10 -> CONFIRMED (improved)
[driver] e12 -> CONFIRMED (improved)
[driver] e13 -> INCONCLUSIVE (no_arm_effect)
[driver] e14 -> INCONCLUSIVE (no_arm_effect)
[driver] no runnable queued checkpoints; done.
